Exception occurred at address 02233615
Exception code C0000005: Access Violation
Process PID=1152  Image: C:\_GIT_\RobertArtigas\RYB\examples\NameAttributes\Working\NameAttributes.exe
Thread 1  Handle=000002D0  TID=9532

Exception parameters:
00000000
00000070

EAX=00000000    EBX=00000001    ECX=02353CF0    EDX=00440000
ESI=007476D0    EDI=0019FBEB    EBP=0019FC3C    ESP=0019FB88
EIP=02233615    FLG=00010246

Call Stack:
02233615  ClaRUN.dll:00023615
0040E322  NameAttributes002.clw:101 - THISWINDOW.INIT
0040AE1F  ABWINDOW.CLW:941 - WINDOWMANAGER.RUN
0040E00C  NameAttributes002.clw:139 - THISWINDOW.RUN
0040E728  NameAttributes002.clw:57 - NAMEATTRIBUTESSIMPLE
0040D613  NameAttributes001.clw:88 - R$MENU::MENU_TEST
0040D813  NameAttributes001.clw:160 - THISWINDOW.TAKEACCEPTED
0040A5B2  ABWINDOW.CLW:728 - WINDOWMANAGER.TAKEEVENT
0040B83A  ABWINDOW.CLW:785 - WINDOWMANAGER.ASK
0040AE2D  ABWINDOW.CLW:944 - WINDOWMANAGER.RUN

Clarion modules:
02210000  11.00:13505 C:\_GIT_\RobertArtigas\RYB\examples\NameAttributes\Working\ClaRUN.dll
00700000  11.00:13505 C:\_GIT_\RobertArtigas\RYB\examples\NameAttributes\Working\ClaASC.dll
00400000  11.00:13505 C:\_GIT_\RobertArtigas\RYB\examples\NameAttributes\Working\NameAttributes.exe

Thread stack:
0019FB80: F0 3C 35 02  08 36 23 02  EB FB 19 00  00 00 00 00 
0019FB90: 3C FC 19 00  A8 FB 19 00  D0 76 74 00  00 00 44 00 
0019FBA0: 16 00 44 00  EB FB 19 00  20 20 20 20  01 00 00 00 
0019FBB0: EB FB 19 00  B0 24 00 08  78 3C 00 08  00 00 00 00 
0019FBC0: 0F 2B 23 02  91 F5 73 00  E0 FC 19 00  3C FC 19 00 
0019FBD0: E4 FB 19 00  16 00 44 00  68 34 45 00  00 00 00 00 
0019FBE0: D0 76 74 00  E0 FC 19 16  00 44 00 64  47 35 02 00 
0019FBF0: 00 00 00 00  08 FC 19 00  B0 24 00 08  78 3C 00 08 
0019FC00: 04 CB 40 00  91 F5 73 00  E0 FC 19 00  68 34 45 00 
0019FC10: 20 13 74 00  F7 03 00 00  E0 FC 19 00  70 FC 19 00 
0019FC20: 34 FC 19 00  03 00 00 00  D0 76 74 00  68 34 45 00 
0019FC30: 20 13 74 00  F7 03 00 00  00 19 74 00  70 FC 19 00 
0019FC40: 22 E3 40 00  91 F5 73 00  10 00 00 00  E0 FC 19 00 
0019FC50: B4 39 45 00  3C 9C 44 00  E8 66 4F 00  EC 66 4F 00 
0019FC60: E4 66 4F 00  F0 60 74 00  70 FC 19 00  E0 FC 19 00 
0019FC70: 80 FC 19 00  1F AE 40 00  0E 00 00 00  F0 60 74 00 
0019FC80: A0 FC 19 00  0C E0 40 00  00 00 00 00  B4 39 45 00 
0019FC90: 47 35 02 00  F0 60 74 00  A0 FC 19 00  E0 FC 19 00 
0019FCA0: E0 FC 19 00  28 E7 40 00  A8 12 74 00  84 2B 45 00 
0019FCB0: 00 2B 45 00  F0 60 74 00  E8 66 4F 00  CC 16 45 00 
0019FCC0: 40 28 00 08  20 17 74 00  20 13 74 00  00 19 74 00 
0019FCD0: 60 65 74 00  50 40 74 00  D8 47 74 00  E0 FC 19 00 
0019FCE0: F4 FC 19 00  13 D6 40 00  84 2B 45 00  F4 FC 19 00 
0019FCF0: B8 FE 19 00  0C FD 19 00  13 D8 40 00  A8 12 74 01 
0019FD00: C0 F8 73 00  0C FD 19 00  B8 FE 19 00  2C FD 19 00 
0019FD10: B2 A5 40 00  A8 12 74 00  84 2B 45 00  00 00 00 00 
0019FD20: 50 00 00 00  C0 F8 73 00  C0 F8 73 00  58 FE 19 00 
0019FD30: 3A B8 40 00  2C FE 19 00  5C FD 19 00  AC EA 2F 02 
0019FD40: 91 F5 73 00  A8 12 74 00  00 00 00 00  37 F5 73 00 
0019FD50: A8 12 74 00  91 F5 73 00  37 F5 73 00  2C FE 19 00 
0019FD60: 21 CA 2F 02  D0 F4 73 00  00 00 00 00  60 2C 74 00 
0019FD70: 91 F5 73 00  A8 12 74 00  D0 F4 73 00  A8 12 74 00 
0019FD80: 61 C5 2F 02  91 F5 73 00  00 00 00 00  00 00 00 00 
0019FD90: C6 FC 72 F0  D0 F4 73 00  D0 F4 73 00  00 00 00 00 
0019FDA0: 2C FE 19 00  62 9D 2F 02  CC 9D 2F 02  CC FF 19 00 
0019FDB0: 29 FE 2D 02  00 00 00 00  2C FE 19 00  2A B8 40 00 
0019FDC0: 00 00 00 00  00 00 00 00  00 00 00 00  D0 F4 73 00 
0019FDD0: D0 F4 73 00  58 FE 19 00  EC FD 19 00  00 00 00 00 
0019FDE0: 00 00 00 00  04 FE 19 00  D4 08 19 00  01 B0 00 00 
0019FDF0: 00 00 00 00  00 00 00 00  8A 5C 4F 01  35 04 00 00 
0019FE00: 0A 03 00 00  D4 08 19 00  11 01 00 00  F5 3F 00 00 
0019FE10: 00 00 00 00  9B 6E 4F 01  4C 03 00 00  1F 02 00 00 
0019FE20: 5A E6 31 02  00 00 00 00  2C FE 19 00  58 FE 19 00 
0019FE30: 56 B8 40 00  CC FF 19 00  29 FE 2D 02  58 FE 19 00 
0019FE40: 54 FE 19 00  84 2B 45 00  10 00 00 00  B8 FE 19 00 
0019FE50: C0 F8 73 00  C0 F8 73 00  68 FE 19 00  2D AE 40 00 
0019FE60: 0E 00 00 00  C0 F8 73 00  88 FE 19 00  CC D8 40 00 
0019FE70: 00 00 00 00  84 2B 45 00  47 35 02 00  C0 F8 73 00 
0019FE80: 88 FE 19 00  B8 FE 19 00  B8 FE 19 00  AE DD 40 00 
0019FE90: 08 BC 40 00  00 00 00 00  00 00 00 00  C0 F8 73 00 
0019FEA0: E8 66 4F 00  CC 16 45 00  40 2B 00 08  D0 F4 73 00 
0019FEB0: A0 D9 73 00  B8 FE 19 00  CC FE 19 00  93 E8 40 00 
0019FEC0: 34 FF 19 00  34 FF 19 00  C0 52 4F 00  E8 FE 19 00 
0019FED0: 3F 03 2E 02  98 9D 35 02  6A B0 33 02  34 FF 19 00 
0019FEE0: D8 F6 19 00  28 F7 19 00  80 FF 19 00  29 FE 2D 02 
0019FEF0: CC FF 19 00  CC FF 19 00  80 B0 33 02  34 FF 19 00 
0019FF00: 34 FF 19 00  08 BC 40 00  28 94 4E 00  29 FE 2D 02 
0019FF10: 34 FF 19 00  08 BC 40 00  08 BC 40 00  80 FF 19 00 
0019FF20: 34 FF 19 00  08 E8 40 00  08 BC 40 00  00 00 00 00 
0019FF30: 28 94 4E 00  98 9D 35 02  E0 FE 19 00  04 00 00 00 
0019FF40: 18 9E 35 02  28 94 4E 00  F4 E2 34 02  08 E3 34 02 
0019FF50: 24 E3 34 02  18 E3 34 02  40 E3 34 02  34 E3 34 02 
0019FF60: 00 00 00 00  54 4A 2D 02  4D 47 2D 02  A8 19 45 00 
0019FF70: 26 BC 40 00  29 FA 0A 75  00 C0 30 00  10 FA 0A 75 
0019FF80: DC FF 19 00  9E 7A 20 77  00 C0 30 00  AD A9 9B A2 
0019FF90: 00 00 00 00  00 00 00 00  00 C0 30 00  00 00 00 00 
0019FFA0: 00 00 00 00  00 00 00 00  00 00 00 00  00 00 00 00 
0019FFB0: 00 00 00 00  00 00 00 00  00 00 00 00  00 00 00 00 
0019FFC0: 00 00 00 00  8C FF 19 00  00 00 00 00  E4 FF 19 00 
0019FFD0: 40 AD 21 77  71 9A A8 D5  00 00 00 00  EC FF 19 00 
0019FFE0: 6E 7A 20 77  FF FF FF FF  A1 8B 22 77  00 00 00 00 
0019FFF0: 00 00 00 00  08 BC 40 00  00 C0 30 00  00 00 00 00 
